
   INFO  Server running on [http://127.0.0.1:8000].  

  Press Ctrl+C to stop the server

  2025-10-12 18:07:29 /api/v1/auth/profile ....................... ~ 509.59ms
  2025-10-12 18:07:29 /api/v1/events .................................. ~ 4 s
  2025-10-12 18:07:30 /api/v1/packages ................................ ~ 3 s
  2025-10-12 18:07:33 /api/v1/auth/profile ....................... ~ 504.01ms
  2025-10-12 18:07:57 /admin .......................................... ~ 1 s
  2025-10-12 18:07:58 /favicon.ico ................................. ~ 0.49ms
  2025-10-12 18:08:05 /admin/login ................................. ~ 2.73ms
  2025-10-12 18:08:55 /api/v1/amadeus/airports/search ............ ~ 507.45ms
  2025-10-12 18:08:55 /api/v1/amadeus/airports/search .............. ~ 0.03ms
  2025-10-12 18:08:55 /api/v1/amadeus/airports/search ............ ~ 505.22ms
  2025-10-12 18:08:56 /api/v1/amadeus/airports/search .............. ~ 0.03ms
  2025-10-12 18:08:56 /api/v1/amadeus/airports/search .............. ~ 0.02ms
  2025-10-12 18:08:56 /api/v1/amadeus/airports/search .............. ~ 0.02ms
  2025-10-12 18:08:59 /api/v1/amadeus/airports/search ............ ~ 505.44ms
  2025-10-12 18:08:59 /api/v1/amadeus/airports/search .............. ~ 0.03ms
  2025-10-12 18:09:00 /api/v1/amadeus/airports/search .............. ~ 0.09ms
  2025-10-12 18:09:00 /api/v1/amadeus/airports/search .............. ~ 0.07ms
  2025-10-12 18:09:01 /api/v1/amadeus/airports/search .............. ~ 0.07ms
  2025-10-12 18:09:02 /api/v1/amadeus/airports/search .............. ~ 0.09ms
  2025-10-12 18:09:05 /api/v1/amadeus/airports/search ............ ~ 502.32ms
  2025-10-12 18:09:06 /api/v1/amadeus/airports/search .............. ~ 0.03ms
  2025-10-12 18:09:06 /api/v1/amadeus/airports/search .............. ~ 0.02ms
  2025-10-12 18:09:08 /api/v1/amadeus/airports/search .............. ~ 0.09ms
  2025-10-12 18:09:08 /api/v1/amadeus/airports/search ............ ~ 505.24ms
  2025-10-12 18:09:08 /api/v1/amadeus/airports/search .............. ~ 0.02ms
  2025-10-12 18:09:08 /api/v1/amadeus/airports/search .............. ~ 0.02ms
  2025-10-12 18:09:11 /api/v1/amadeus/airports/search .............. ~ 0.22ms
  2025-10-12 18:09:17 /api/v1/amadeus/flights/search ............. ~ 505.62ms
  2025-10-12 18:09:17 /api/v1/amadeus/flights/search .................. ~ 5 s
  2025-10-12 18:10:04 /api/v1/events ............................... ~ 0.86ms
  2025-10-12 18:10:09 /api/v1/packages ............................. ~ 0.25ms
  2025-10-12 18:10:41 /admin/login ............................... ~ 503.31ms
  2025-10-12 18:10:42 /admin/dashboard ............................. ~ 0.03ms
  2025-10-12 18:10:49 /admin/users ................................. ~ 0.30ms
  2025-10-12 18:10:49 /storage//uploads/avatars/avatar_9_1760280006.JPEG  ~ 0.03ms
  2025-10-12 18:10:57 /admin/users/9 ............................. ~ 505.78ms
  2025-10-12 18:10:57 /storage//uploads/avatars/avatar_9_1760280006.JPEG  ~ 0.03ms
  2025-10-12 18:11:02 /admin/bookings .............................. ~ 0.31ms
  2025-10-12 18:11:02 /admin/flights ................................. ~ 21 s
  2025-10-12 18:11:30 /admin/flights/5 ............................. ~ 0.49ms
  2025-10-12 18:11:34 /admin/packages .............................. ~ 0.09ms
  2025-10-12 18:11:34 /admin/events ................................... ~ 6 s
  2025-10-12 18:11:45 /admin/events/create ......................... ~ 0.08ms
  2025-10-12 18:12:05 /admin/settings .............................. ~ 3.12ms
  2025-10-12 18:12:05 /admin/pricing-rules ........................... ~ 25 s
  2025-10-12 18:12:43 /admin/api-config ............................ ~ 0.36ms
  2025-10-12 18:12:43 /admin/payment-gateways ......................... ~ 7 s
  2025-10-12 18:12:54 /admin/profile ............................... ~ 0.11ms
  2025-10-12 18:12:54 /admin/profile .................................. ~ 2 s
